Fichier log :  /home/user/Bureau/git/authent.log
Date :  2021-02-04 14:21:09.791766
3
idSpeaker.testvoix
Saux
ok !!
vosk-api-master.python.example.test_microphone
################################################################################
Press Ctrl+C to stop the recording
################################################################################
{
  "partial" : ""
}
{
  "partial" : ""
}
{
  "partial" : ""
}
{
  "partial" : ""
}
{
  "partial" : ""
}
{
  "partial" : ""
}
{
  "partial" : ""
}
{
  "partial" : ""
}
{
  "partial" : ""
}
{
  "partial" : ""
}
{
  "partial" : ""
}
{
  "partial" : ""
}
{
  "partial" : ""
}
{
  "partial" : ""
}
{
  "partial" : ""
}
{
  "partial" : ""
}
{
  "partial" : ""
}
{
  "partial" : ""
}
{
  "partial" : ""
}
{
  "partial" : ""
}
{
  "partial" : ""
}
{
  "partial" : ""
}
{
  "partial" : ""
}
{
  "partial" : ""
}
{
  "partial" : ""
}
{
  "partial" : ""
}
{
  "partial" : ""
}
{
  "partial" : ""
}
{
  "partial" : ""
}
{
  "partial" : ""
}
{
  "result" : [{
      "conf" : 0.864533,
      "end" : 4.470368,
      "start" : 4.320540,
      "word" : ""
    }, {
      "conf" : 0.886993,
      "end" : 4.649325,
      "start" : 4.470368,
      "word" : ""
    }, {
      "conf" : 0.868420,
      "end" : 4.831238,
      "start" : 4.652900,
      "word" : ""
    }],
  "text" : "  "
}
  
chiffre en lettre :  
{
  "partial" : ""
}
{
  "partial" : ""
}
{
  "partial" : ""
}
{
  "partial" : ""
}
{
  "partial" : ""
}
{
  "partial" : ""
}
{
  "partial" : ""
}
{
  "partial" : ""
}
{
  "partial" : ""
}
{
  "partial" : ""
}
{
  "partial" : ""
}
{
  "partial" : ""
}
{
  "partial" : ""
}
{
  "partial" : ""
}
{
  "partial" : ""
}
{
  "partial" : ""
}
{
  "partial" : ""
}
{
  "partial" : ""
}
{
  "partial" : ""
}
{
  "partial" : ""
}
{
  "partial" : ""
}
{
  "partial" : ""
}
{
  "partial" : ""
}
{
  "partial" : ""
}
{
  "partial" : ""
}
{
  "partial" : ""
}
{
  "partial" : ""
}
{
  "text" : ""
}

chiffre en lettre :  
{
  "partial" : ""
}
{
  "partial" : ""
}
{
  "partial" : ""
}
{
  "partial" : ""
}
{
  "partial" : ""
}
{
  "partial" : ""
}
{
  "partial" : ""
}
{
  "partial" : ""
}
{
  "partial" : ""
}
{
  "partial" : ""
}
{
  "partial" : ""
}
{
  "partial" : ""
}
{
  "partial" : ""
}
{
  "partial" : ""
}
{
  "partial" : ""
}
{
  "partial" : ""
}
{
  "partial" : ""
}
{
  "partial" : ""
}
{
  "partial" : ""
}
{
  "partial" : ""
}
{
  "partial" : ""
}
{
  "partial" : ""
}
{
  "partial" : ""
}
{
  "partial" : ""
}
{
  "partial" : ""
}
{
  "partial" : ""
}
{
  "result" : [{
      "conf" : 0.114683,
      "end" : 12.030000,
      "start" : 11.689504,
      "word" : ""
    }],
  "text" : ""
}

chiffre en lettre :  
{
  "partial" : ""
}
{
  "partial" : ""
}
{
  "partial" : ""
}
{
  "partial" : " "
}
{
  "partial" : " "
}
{
  "partial" : ""
}
{
  "partial" : ""
}
{
  "partial" : ""
}
{
  "partial" : ""
}
{
  "partial" : ""
}
{
  "partial" : ""
}
{
  "partial" : ""
}
{
  "partial" : ""
}
{
  "partial" : ""
}
{
  "partial" : "  "
}
{
  "partial" : "  "
}
{
  "partial" : "  "
}
{
  "partial" : ""
}
{
  "partial" : ""
}
{
  "partial" : ""
}
{
  "partial" : ""
}
{
  "partial" : ""
}
{
  "partial" : ""
}
{
  "partial" : ""
}
{
  "partial" : ""
}
{
  "partial" : ""
}
{
  "partial" : "    "
}
{
  "partial" : "  "
}
{
  "partial" : "  "
}
{
  "partial" : "      "
}
{
  "partial" : "     "
}
{
  "partial" : "       "
}
{
  "partial" : "       "
}
{
  "partial" : "       "
}
{
  "partial" : "       "
}
{
  "result" : [{
      "conf" : 0.688131,
      "end" : 15.779995,
      "start" : 15.420000,
      "word" : ""
    }, {
      "conf" : 0.421738,
      "end" : 16.140007,
      "start" : 15.870000,
      "word" : ""
    }, {
      "conf" : 0.469920,
      "end" : 17.700460,
      "start" : 17.609132,
      "word" : ""
    }, {
      "conf" : 0.322979,
      "end" : 17.790981,
      "start" : 17.700460,
      "word" : ""
    }, {
      "conf" : 0.490702,
      "end" : 19.889253,
      "start" : 19.739132,
      "word" : ""
    }, {
      "conf" : 0.596552,
      "end" : 20.160000,
      "start" : 19.889253,
      "word" : ""
    }, {
      "conf" : 0.999096,
      "end" : 20.250000,
      "start" : 20.160000,
      "word" : ""
    }, {
      "conf" : 1.000000,
      "end" : 20.910000,
      "start" : 20.429914,
      "word" : ""
    }],
  "text" : "       "
}
       
chiffre en lettre :  
{
  "partial" : ""
}
{
  "partial" : ""
}
{
  "partial" : ""
}
{
  "partial" : ""
}
{
  "partial" : ""
}
{
  "partial" : ""
}
{
  "partial" : ""
}
{
  "partial" : ""
}
{
  "partial" : "   "
}
{
  "partial" : "   "
}
{
  "partial" : "   "
}
{
  "partial" : "   "
}
{
  "partial" : "    "
}
{
  "partial" : "    "
}
{
  "partial" : "     "
}
{
  "partial" : "     "
}
{
  "partial" : "       "
}
{
  "partial" : "       "
}
{
  "partial" : "        "
}
{
  "partial" : "         "
}
{
  "partial" : "          "
}
{
  "partial" : "          "
}
{
  "partial" : "          "
}
{
  "partial" : "             "
}
{
  "partial" : "              "
}
{
  "partial" : "              "
}
{
  "partial" : "               "
}
{
  "partial" : "               "
}
{
  "partial" : "                "
}
{
  "partial" : "                "
}
{
  "partial" : "                "
}
{
  "partial" : "                "
}
{
  "partial" : "                "
}
{
  "partial" : "                "
}
{
  "partial" : "                 "
}
{
  "partial" : "                 "
}
{
  "partial" : "                   "
}
{
  "partial" : "                   "
}
{
  "partial" : "                     "
}
{
  "partial" : "                       "
}
{
  "partial" : "                        "
}
{
  "partial" : "                        "
}
{
  "partial" : "                        "
}
{
  "partial" : "                          "
}
{
  "partial" : "                            "
}
{
  "partial" : "                                "
}
{
  "partial" : "                                "
}
{
  "partial" : "                                "
}
{
  "partial" : "                                   "
}
{
  "partial" : "                                 "
}
{
  "partial" : "                                 "
}
{
  "partial" : "                                 "
}
{
  "result" : [{
      "conf" : 0.357365,
      "end" : 21.772104,
      "start" : 21.600000,
      "word" : ""
    }, {
      "conf" : 0.880501,
      "end" : 21.960000,
      "start" : 21.772104,
      "word" : ""
    }, {
      "conf" : 0.910458,
      "end" : 22.109923,
      "start" : 21.960374,
      "word" : ""
    }, {
      "conf" : 0.976252,
      "end" : 22.229973,
      "start" : 22.110320,
      "word" : ""
    }, {
      "conf" : 0.619822,
      "end" : 22.379449,
      "start" : 22.229973,
      "word" : ""
    }, {
      "conf" : 0.952151,
      "end" : 22.978997,
      "start" : 22.678228,
      "word" : ""
    }, {
      "conf" : 0.791352,
      "end" : 23.173070,
      "start" : 22.978997,
      "word" : ""
    }, {
      "conf" : 0.619603,
      "end" : 23.790000,
      "start" : 23.357294,
      "word" : ""
    }, {
      "conf" : 0.888843,
      "end" : 24.210000,
      "start" : 24.120000,
      "word" : ""
    }, {
      "conf" : 0.700943,
      "end" : 24.719978,
      "start" : 24.302390,
      "word" : ""
    }, {
      "conf" : 0.649044,
      "end" : 24.810000,
      "start" : 24.720066,
      "word" : ""
    }, {
      "conf" : 0.222307,
      "end" : 25.138301,
      "start" : 24.810000,
      "word" : ""
    }, {
      "conf" : 0.436651,
      "end" : 25.302748,
      "start" : 25.138301,
      "word" : ""
    }, {
      "conf" : 0.396684,
      "end" : 25.619971,
      "start" : 25.410000,
      "word" : ""
    }, {
      "conf" : 0.581983,
      "end" : 25.680447,
      "start" : 25.622648,
      "word" : ""
    }, {
      "conf" : 0.953900,
      "end" : 25.769985,
      "start" : 25.680447,
      "word" : ""
    }, {
      "conf" : 0.989074,
      "end" : 26.040000,
      "start" : 25.769985,
      "word" : ""
    }, {
      "conf" : 0.852538,
      "end" : 26.550000,
      "start" : 26.250000,
      "word" : ""
    }, {
      "conf" : 0.992925,
      "end" : 27.270000,
      "start" : 26.735828,
      "word" : ""
    }, {
      "conf" : 0.574789,
      "end" : 27.660000,
      "start" : 27.450000,
      "word" : ""
    }, {
      "conf" : 0.562390,
      "end" : 28.075424,
      "start" : 27.934691,
      "word" : ""
    }, {
      "conf" : 1.000000,
      "end" : 28.350000,
      "start" : 28.215167,
      "word" : ""
    }, {
      "conf" : 0.961159,
      "end" : 28.470000,
      "start" : 28.350000,
      "word" : ""
    }, {
      "conf" : 1.000000,
      "end" : 28.530000,
      "start" : 28.470000,
      "word" : ""
    }, {
      "conf" : 1.000000,
      "end" : 28.710000,
      "start" : 28.530000,
      "word" : ""
    }, {
      "conf" : 1.000000,
      "end" : 28.830000,
      "start" : 28.710000,
      "word" : ""
    }, {
      "conf" : 0.960170,
      "end" : 29.130000,
      "start" : 28.830000,
      "word" : ""
    }, {
      "conf" : 0.843976,
      "end" : 29.280000,
      "start" : 29.190000,
      "word" : ""
    }, {
      "conf" : 0.997672,
      "end" : 29.430000,
      "start" : 29.280000,
      "word" : ""
    }, {
      "conf" : 0.708228,
      "end" : 29.492391,
      "start" : 29.430000,
      "word" : ""
    }, {
      "conf" : 0.647932,
      "end" : 29.550053,
      "start" : 29.492391,
      "word" : ""
    }, {
      "conf" : 0.823016,
      "end" : 29.699312,
      "start" : 29.550053,
      "word" : ""
    }, {
      "conf" : 0.927797,
      "end" : 29.819980,
      "start" : 29.699312,
      "word" : ""
    }, {
      "conf" : 0.996274,
      "end" : 29.910000,
      "start" : 29.819980,
      "word" : ""
    }, {
      "conf" : 0.246653,
      "end" : 30.180000,
      "start" : 29.910275,
      "word" : ""
    }, {
      "conf" : 0.950370,
      "end" : 30.540000,
      "start" : 30.198746,
      "word" : ""
    }],
  "text" : "                                   "
}
                                   
chiffre en lettre :  
{
  "partial" : ""
}
{
  "partial" : ""
}
{
  "partial" : ""
}
{
  "partial" : ""
}
{
  "partial" : ""
}
{
  "partial" : ""
}
{
  "partial" : ""
}
{
  "partial" : ""
}
{
  "partial" : ""
}
{
  "partial" : ""
}
{
  "partial" : ""
}
{
  "partial" : ""
}
{
  "partial" : ""
}
{
  "partial" : ""
}
{
  "partial" : ""
}
{
  "partial" : ""
}
{
  "partial" : ""
}
{
  "partial" : ""
}
{
  "partial" : ""
}
{
  "partial" : ""
}
{
  "partial" : ""
}
{
  "partial" : ""
}
{
  "partial" : ""
}
{
  "partial" : " "
}
{
  "partial" : " "
}
{
  "partial" : " "
}
{
  "partial" : " "
}
{
  "partial" : "  "
}
{
  "partial" : "    "
}
{
  "partial" : "    "
}
{
  "partial" : "       "
}
{
  "partial" : "      "
}
{
  "partial" : "      "
}
{
  "partial" : "      "
}
{
  "partial" : "       "
}
{
  "partial" : "       "
}
{
  "result" : [{
      "conf" : 0.491214,
      "end" : 34.467755,
      "start" : 34.080000,
      "word" : ""
    }, {
      "conf" : 0.691985,
      "end" : 34.710604,
      "start" : 34.470000,
      "word" : ""
    }, {
      "conf" : 0.593226,
      "end" : 35.040183,
      "start" : 34.710604,
      "word" : ""
    }, {
      "conf" : 0.362699,
      "end" : 35.159854,
      "start" : 35.040183,
      "word" : ""
    }, {
      "conf" : 0.388542,
      "end" : 35.219791,
      "start" : 35.159854,
      "word" : ""
    }, {
      "conf" : 0.552610,
      "end" : 35.519692,
      "start" : 35.219791,
      "word" : ""
    }, {
      "conf" : 0.264992,
      "end" : 36.480000,
      "start" : 36.179993,
      "word" : ""
    }, {
      "conf" : 0.739999,
      "end" : 36.655554,
      "start" : 36.548214,
      "word" : ""
    }, {
      "conf" : 0.874274,
      "end" : 37.019678,
      "start" : 36.655554,
      "word" : ""
    }, {
      "conf" : 0.551092,
      "end" : 37.410000,
      "start" : 37.022607,
      "word" : ""
    }],
  "text" : "         "
}
         
chiffre en lettre :  
{
  "partial" : ""
}
{
  "partial" : ""
}

Fin
